

Started GET "/assets/rails.png" for 127.0.0.1 at 2012-09-19 16:37:01 -0700
Served asset /rails.png - 304 Not Modified (30ms)


Started GET "/home" for 127.0.0.1 at 2012-09-19 16:37:06 -0700

ActionController::RoutingError (No route matches [GET] "/home"):
  

Rendered /usr/local/lib/ruby/gems/1.9.1/gems/actionpack-3.1.0/lib/action_dispatch/middleware/templates/rescues/routing_error.erb within rescues/layout (0.4ms)


Started GET "/public" for 127.0.0.1 at 2012-09-19 16:37:26 -0700

ActionController::RoutingError (No route matches [GET] "/public"):
  

Rendered /usr/local/lib/ruby/gems/1.9.1/gems/actionpack-3.1.0/lib/action_dispatch/middleware/templates/rescues/routing_error.erb within rescues/layout (0.5ms)


Started GET "/movies" for 127.0.0.1 at 2012-09-19 16:37:45 -0700
  Processing by MoviesController#index as HTML
  [1m[36mMovie Load (0.1ms)[0m  [1mSELECT "movies".* FROM "movies" [0m
Rendered movies/index.html.haml within layouts/application (48.1ms)
Compiled application.css  (0ms)  (pid 4379)
Compiled application.js  (15ms)  (pid 4379)
Compiled jquery.js  (7ms)  (pid 4379)
Compiled jquery_ujs.js  (10ms)  (pid 4379)
Completed 200 OK in 97ms (Views: 96.4ms | ActiveRecord: 0.2ms)


Started GET "/assets/application.css?body=1" for 127.0.0.1 at 2012-09-19 16:37:45 -0700
Served asset /application.css - 200 OK (1ms)


Started GET "/assets/jquery.js?body=1" for 127.0.0.1 at 2012-09-19 16:37:45 -0700
Served asset /jquery.js - 200 OK (18ms)


Started GET "/assets/application.js?body=1" for 127.0.0.1 at 2012-09-19 16:37:45 -0700
Served asset /application.js - 200 OK (3ms)


Started GET "/assets/jquery_ujs.js?body=1" for 127.0.0.1 at 2012-09-19 16:37:45 -0700
Served asset /jquery_ujs.js - 200 OK (2ms)


Started GET "/movies" for 127.0.0.1 at 2013-10-05 20:31:44 -0700
  Processing by MoviesController#index as HTML
  [1m[36mMovie Load (0.2ms)[0m  [1mSELECT "movies".* FROM "movies" [0m
Rendered movies/index.html.haml within layouts/application (54.1ms)
Compiled application.css  (0ms)  (pid 2617)
Compiled application.js  (14ms)  (pid 2617)
Compiled jquery.js  (19ms)  (pid 2617)
Compiled jquery_ujs.js  (12ms)  (pid 2617)
Completed 200 OK in 191ms (Views: 189.6ms | ActiveRecord: 0.3ms)


Started GET "/assets/application.css?body=1" for 127.0.0.1 at 2013-10-05 20:31:46 -0700
Served asset /application.css - 200 OK (0ms)


Started GET "/assets/jquery.js?body=1" for 127.0.0.1 at 2013-10-05 20:31:46 -0700
Served asset /jquery.js - 200 OK (6ms)


Started GET "/assets/jquery_ujs.js?body=1" for 127.0.0.1 at 2013-10-05 20:31:46 -0700
Served asset /jquery_ujs.js - 200 OK (4ms)


Started GET "/assets/application.js?body=1" for 127.0.0.1 at 2013-10-05 20:31:46 -0700
Served asset /application.js - 200 OK (6ms)


Started GET "/movies" for 127.0.0.1 at 2013-10-05 20:36:02 -0700
  Processing by MoviesController#index as HTML
  [1m[35mMovie Load (0.1ms)[0m  SELECT "movies".* FROM "movies" 
Rendered movies/index.html.haml within layouts/application (7.3ms)
Completed 200 OK in 13ms (Views: 11.4ms | ActiveRecord: 0.4ms)


Started GET "/assets/application.css?body=1" for 127.0.0.1 at 2013-10-05 20:36:02 -0700
Served asset /application.css - 304 Not Modified (0ms)


Started GET "/assets/application.js?body=1" for 127.0.0.1 at 2013-10-05 20:36:02 -0700
Served asset /application.js - 304 Not Modified (0ms)


Started GET "/assets/jquery_ujs.js?body=1" for 127.0.0.1 at 2013-10-05 20:36:02 -0700
Served asset /jquery_ujs.js - 304 Not Modified (0ms)


Started GET "/assets/jquery.js?body=1" for 127.0.0.1 at 2013-10-05 20:36:02 -0700
Served asset /jquery.js - 304 Not Modified (0ms)


Started GET "/movies" for 127.0.0.1 at 2013-10-05 20:36:03 -0700
  Processing by MoviesController#index as HTML
  [1m[36mMovie Load (0.1ms)[0m  [1mSELECT "movies".* FROM "movies" [0m
Rendered movies/index.html.haml within layouts/application (6.3ms)
Completed 200 OK in 20ms (Views: 13.2ms | ActiveRecord: 0.4ms)


Started GET "/assets/application.css?body=1" for 127.0.0.1 at 2013-10-05 20:36:03 -0700
Served asset /application.css - 304 Not Modified (0ms)


Started GET "/assets/jquery.js?body=1" for 127.0.0.1 at 2013-10-05 20:36:03 -0700
Served asset /jquery.js - 304 Not Modified (0ms)


Started GET "/assets/jquery_ujs.js?body=1" for 127.0.0.1 at 2013-10-05 20:36:03 -0700
Served asset /jquery_ujs.js - 304 Not Modified (0ms)


Started GET "/assets/application.js?body=1" for 127.0.0.1 at 2013-10-05 20:36:03 -0700
Served asset /application.js - 304 Not Modified (0ms)


Started GET "/movies" for 127.0.0.1 at 2013-10-05 20:40:25 -0700
  Processing by MoviesController#index as HTML
  [1m[35mMovie Load (0.1ms)[0m  SELECT "movies".* FROM "movies" 
Rendered movies/index.html.haml within layouts/application (5.5ms)
Compiled application.css  (0ms)  (pid 2617)
Completed 200 OK in 16ms (Views: 14.6ms | ActiveRecord: 0.4ms)


Started GET "/assets/application.css?body=1" for 127.0.0.1 at 2013-10-05 20:40:25 -0700
Served asset /application.css - 200 OK (1ms)


Started GET "/assets/application.js?body=1" for 127.0.0.1 at 2013-10-05 20:40:25 -0700
Served asset /application.js - 304 Not Modified (0ms)


Started GET "/assets/jquery.js?body=1" for 127.0.0.1 at 2013-10-05 20:40:25 -0700
Served asset /jquery.js - 304 Not Modified (0ms)


Started GET "/assets/jquery_ujs.js?body=1" for 127.0.0.1 at 2013-10-05 20:40:25 -0700
Served asset /jquery_ujs.js - 304 Not Modified (0ms)


Started GET "/movies" for 127.0.0.1 at 2013-10-05 20:46:02 -0700
  Processing by MoviesController#index as HTML
  [1m[36mMovie Load (0.1ms)[0m  [1mSELECT "movies".* FROM "movies" [0m
Rendered movies/index.html.haml within layouts/application (4.9ms)
Completed 200 OK in 11ms (Views: 9.4ms | ActiveRecord: 0.5ms)


Started GET "/assets/application.css?body=1" for 127.0.0.1 at 2013-10-05 20:46:02 -0700
Served asset /application.css - 304 Not Modified (0ms)


Started GET "/assets/jquery.js?body=1" for 127.0.0.1 at 2013-10-05 20:46:02 -0700
Served asset /jquery.js - 304 Not Modified (0ms)


Started GET "/assets/application.js?body=1" for 127.0.0.1 at 2013-10-05 20:46:02 -0700
Served asset /application.js - 304 Not Modified (0ms)


Started GET "/assets/jquery_ujs.js?body=1" for 127.0.0.1 at 2013-10-05 20:46:02 -0700
Served asset /jquery_ujs.js - 304 Not Modified (0ms)


Started GET "/movies" for 127.0.0.1 at 2013-10-05 20:46:50 -0700
  Processing by MoviesController#index as HTML
  [1m[35mMovie Load (0.1ms)[0m  SELECT "movies".* FROM "movies" 
Rendered movies/index.html.haml within layouts/application (5.0ms)
Compiled application.css  (0ms)  (pid 2617)
Completed 200 OK in 13ms (Views: 12.0ms | ActiveRecord: 0.3ms)


Started GET "/assets/application.css?body=1" for 127.0.0.1 at 2013-10-05 20:46:50 -0700
Served asset /application.css - 200 OK (1ms)


Started GET "/assets/application.js?body=1" for 127.0.0.1 at 2013-10-05 20:46:50 -0700
Served asset /application.js - 304 Not Modified (0ms)


Started GET "/assets/jquery_ujs.js?body=1" for 127.0.0.1 at 2013-10-05 20:46:50 -0700
Served asset /jquery_ujs.js - 304 Not Modified (0ms)


Started GET "/assets/jquery.js?body=1" for 127.0.0.1 at 2013-10-05 20:46:50 -0700
Served asset /jquery.js - 304 Not Modified (0ms)


Started GET "/movies/new" for 127.0.0.1 at 2013-10-05 20:46:57 -0700
  Processing by MoviesController#new as HTML
Rendered movies/new.html.haml within layouts/application (5.2ms)
Completed 200 OK in 10ms (Views: 9.7ms | ActiveRecord: 0.0ms)


Started GET "/assets/application.css?body=1" for 127.0.0.1 at 2013-10-05 20:46:57 -0700
Served asset /application.css - 304 Not Modified (0ms)


Started GET "/assets/jquery.js?body=1" for 127.0.0.1 at 2013-10-05 20:46:57 -0700
Served asset /jquery.js - 304 Not Modified (0ms)


Started GET "/assets/application.js?body=1" for 127.0.0.1 at 2013-10-05 20:46:57 -0700
Served asset /application.js - 304 Not Modified (0ms)


Started GET "/assets/jquery_ujs.js?body=1" for 127.0.0.1 at 2013-10-05 20:46:57 -0700
Served asset /jquery_ujs.js - 304 Not Modified (0ms)


Started GET "/movies" for 127.0.0.1 at 2013-10-05 20:48:17 -0700
  Processing by MoviesController#index as HTML
  [1m[36mMovie Load (0.1ms)[0m  [1mSELECT "movies".* FROM "movies" [0m
Rendered movies/index.html.haml within layouts/application (9.4ms)
Completed 200 OK in 15ms (Views: 13.5ms | ActiveRecord: 0.4ms)


Started GET "/assets/application.css?body=1" for 127.0.0.1 at 2013-10-05 20:48:17 -0700
Served asset /application.css - 304 Not Modified (0ms)


Started GET "/assets/jquery_ujs.js?body=1" for 127.0.0.1 at 2013-10-05 20:48:17 -0700
Served asset /jquery_ujs.js - 304 Not Modified (0ms)


Started GET "/assets/jquery.js?body=1" for 127.0.0.1 at 2013-10-05 20:48:17 -0700
Served asset /jquery.js - 304 Not Modified (0ms)


Started GET "/assets/application.js?body=1" for 127.0.0.1 at 2013-10-05 20:48:17 -0700
Served asset /application.js - 304 Not Modified (0ms)


Started GET "/movies" for 127.0.0.1 at 2013-10-05 20:49:24 -0700
  Processing by MoviesController#index as HTML
  [1m[35mMovie Load (0.1ms)[0m  SELECT "movies".* FROM "movies" 
Rendered movies/index.html.haml within layouts/application (56.8ms)
Completed 500 Internal Server Error in 61ms

ActionView::Template::Error (undefined local variable or method `title' for #<#<Class:0xab86e9c>:0xab270a0>):
    4: %table#movies
    5:   %thead
    6:     %tr
    7:       %th= link_to "Movie Title", movies_path(title)
    8:       %th Rating
    9:       %th 
    10:         %a#release_date_header Release Date
  app/views/movies/index.html.haml:7:in `_app_views_movies_index_html_haml__619419910_89731340'

Rendered /usr/local/lib/ruby/gems/1.9.1/gems/actionpack-3.1.0/lib/action_dispatch/middleware/templates/rescues/_trace.erb (1.1ms)
Rendered /usr/local/lib/ruby/gems/1.9.1/gems/actionpack-3.1.0/lib/action_dispatch/middleware/templates/rescues/_request_and_response.erb (0.4ms)
Rendered /usr/local/lib/ruby/gems/1.9.1/gems/actionpack-3.1.0/lib/action_dispatch/middleware/templates/rescues/template_error.erb within rescues/layout (5.7ms)


Started GET "/movies" for 127.0.0.1 at 2013-10-05 20:51:31 -0700
  Processing by MoviesController#index as HTML
  [1m[36mMovie Load (0.1ms)[0m  [1mSELECT "movies".* FROM "movies" [0m
Rendered movies/index.html.haml within layouts/application (7.5ms)
Completed 200 OK in 13ms (Views: 11.9ms | ActiveRecord: 0.4ms)


Started GET "/assets/application.css?body=1" for 127.0.0.1 at 2013-10-05 20:51:31 -0700
Served asset /application.css - 304 Not Modified (0ms)


Started GET "/assets/jquery_ujs.js?body=1" for 127.0.0.1 at 2013-10-05 20:51:31 -0700
Served asset /jquery_ujs.js - 304 Not Modified (0ms)


Started GET "/assets/application.js?body=1" for 127.0.0.1 at 2013-10-05 20:51:31 -0700
Served asset /application.js - 304 Not Modified (0ms)


Started GET "/assets/jquery.js?body=1" for 127.0.0.1 at 2013-10-05 20:51:31 -0700
Served asset /jquery.js - 304 Not Modified (2ms)


Started GET "/movies" for 127.0.0.1 at 2013-10-05 20:51:32 -0700
  Processing by MoviesController#index as HTML
  [1m[35mMovie Load (0.1ms)[0m  SELECT "movies".* FROM "movies" 
Rendered movies/index.html.haml within layouts/application (30.9ms)
Completed 200 OK in 37ms (Views: 35.3ms | ActiveRecord: 0.4ms)


Started GET "/assets/application.css?body=1" for 127.0.0.1 at 2013-10-05 20:51:32 -0700
Served asset /application.css - 304 Not Modified (0ms)


Started GET "/assets/jquery_ujs.js?body=1" for 127.0.0.1 at 2013-10-05 20:51:32 -0700
Served asset /jquery_ujs.js - 304 Not Modified (0ms)


Started GET "/assets/application.js?body=1" for 127.0.0.1 at 2013-10-05 20:51:32 -0700
Served asset /application.js - 304 Not Modified (0ms)


Started GET "/assets/jquery.js?body=1" for 127.0.0.1 at 2013-10-05 20:51:32 -0700
Served asset /jquery.js - 304 Not Modified (0ms)


Started GET "/movies" for 127.0.0.1 at 2013-10-05 20:55:02 -0700
  Processing by MoviesController#index as HTML
  [1m[36mMovie Load (0.1ms)[0m  [1mSELECT "movies".* FROM "movies" [0m
Rendered movies/index.html.haml within layouts/application (8.5ms)
Completed 200 OK in 14ms (Views: 12.5ms | ActiveRecord: 0.4ms)


Started GET "/assets/application.css?body=1" for 127.0.0.1 at 2013-10-05 20:55:02 -0700
Served asset /application.css - 304 Not Modified (0ms)


Started GET "/assets/jquery.js?body=1" for 127.0.0.1 at 2013-10-05 20:55:02 -0700
Served asset /jquery.js - 304 Not Modified (0ms)


Started GET "/assets/jquery_ujs.js?body=1" for 127.0.0.1 at 2013-10-05 20:55:02 -0700
Served asset /jquery_ujs.js - 304 Not Modified (0ms)


Started GET "/assets/application.js?body=1" for 127.0.0.1 at 2013-10-05 20:55:02 -0700
Served asset /application.js - 304 Not Modified (0ms)


Started GET "/movies?sort=title" for 127.0.0.1 at 2013-10-05 20:55:04 -0700
  Processing by MoviesController#index as HTML
  Parameters: {"sort"=>"title"}
  [1m[35mMovie Load (0.1ms)[0m  SELECT "movies".* FROM "movies" 
Rendered movies/index.html.haml within layouts/application (5.7ms)
Completed 200 OK in 17ms (Views: 14.8ms | ActiveRecord: 1.3ms)


Started GET "/assets/application.css?body=1" for 127.0.0.1 at 2013-10-05 20:55:04 -0700
Served asset /application.css - 304 Not Modified (0ms)


Started GET "/assets/jquery_ujs.js?body=1" for 127.0.0.1 at 2013-10-05 20:55:04 -0700
Served asset /jquery_ujs.js - 304 Not Modified (0ms)


Started GET "/assets/application.js?body=1" for 127.0.0.1 at 2013-10-05 20:55:04 -0700
Served asset /application.js - 304 Not Modified (0ms)


Started GET "/assets/jquery.js?body=1" for 127.0.0.1 at 2013-10-05 20:55:04 -0700
Served asset /jquery.js - 304 Not Modified (0ms)


Started GET "/movies?sort=title" for 127.0.0.1 at 2013-10-05 20:58:12 -0700
  Processing by MoviesController#index as HTML
  Parameters: {"sort"=>"title"}
  [1m[36mMovie Load (0.4ms)[0m  [1mSELECT "movies".* FROM "movies" [0m
  [1m[35mMovie Load (0.3ms)[0m  SELECT "movies".* FROM "movies" ORDER BY title
Rendered movies/index.html.haml within layouts/application (7.2ms)
Completed 200 OK in 43ms (Views: 40.5ms | ActiveRecord: 0.9ms)


Started GET "/assets/application.css?body=1" for 127.0.0.1 at 2013-10-05 20:58:12 -0700
Served asset /application.css - 304 Not Modified (0ms)


Started GET "/assets/application.js?body=1" for 127.0.0.1 at 2013-10-05 20:58:12 -0700
Served asset /application.js - 304 Not Modified (0ms)


Started GET "/assets/jquery.js?body=1" for 127.0.0.1 at 2013-10-05 20:58:12 -0700
Served asset /jquery.js - 304 Not Modified (0ms)


Started GET "/assets/jquery_ujs.js?body=1" for 127.0.0.1 at 2013-10-05 20:58:12 -0700
Served asset /jquery_ujs.js - 304 Not Modified (0ms)


Started GET "/movies?sort=title" for 127.0.0.1 at 2013-10-05 20:58:14 -0700
  Processing by MoviesController#index as HTML
  Parameters: {"sort"=>"title"}
  [1m[36mMovie Load (0.1ms)[0m  [1mSELECT "movies".* FROM "movies" [0m
  [1m[35mMovie Load (0.2ms)[0m  SELECT "movies".* FROM "movies" ORDER BY title
Rendered movies/index.html.haml within layouts/application (8.7ms)
Completed 200 OK in 17ms (Views: 14.7ms | ActiveRecord: 0.7ms)


Started GET "/assets/application.css?body=1" for 127.0.0.1 at 2013-10-05 20:58:14 -0700
Served asset /application.css - 304 Not Modified (0ms)


Started GET "/assets/jquery.js?body=1" for 127.0.0.1 at 2013-10-05 20:58:14 -0700
Served asset /jquery.js - 304 Not Modified (0ms)


Started GET "/assets/application.js?body=1" for 127.0.0.1 at 2013-10-05 20:58:14 -0700
Served asset /application.js - 304 Not Modified (0ms)


Started GET "/assets/jquery_ujs.js?body=1" for 127.0.0.1 at 2013-10-05 20:58:14 -0700
Served asset /jquery_ujs.js - 304 Not Modified (0ms)


Started GET "/movies?sort=title" for 127.0.0.1 at 2013-10-05 20:58:15 -0700
  Processing by MoviesController#index as HTML
  Parameters: {"sort"=>"title"}
  [1m[36mMovie Load (0.1ms)[0m  [1mSELECT "movies".* FROM "movies" [0m
  [1m[35mMovie Load (0.2ms)[0m  SELECT "movies".* FROM "movies" ORDER BY title
Rendered movies/index.html.haml within layouts/application (6.5ms)
Completed 200 OK in 12ms (Views: 10.6ms | ActiveRecord: 0.5ms)


Started GET "/assets/jquery.js?body=1" for 127.0.0.1 at 2013-10-05 20:58:15 -0700
Served asset /jquery.js - 304 Not Modified (0ms)


Started GET "/assets/jquery_ujs.js?body=1" for 127.0.0.1 at 2013-10-05 20:58:15 -0700
Served asset /jquery_ujs.js - 304 Not Modified (0ms)


Started GET "/assets/application.css?body=1" for 127.0.0.1 at 2013-10-05 20:58:15 -0700
Served asset /application.css - 304 Not Modified (0ms)


Started GET "/assets/application.js?body=1" for 127.0.0.1 at 2013-10-05 20:58:15 -0700
Served asset /application.js - 304 Not Modified (0ms)


Started GET "/movies?sort=title" for 127.0.0.1 at 2013-10-05 20:58:17 -0700
  Processing by MoviesController#index as HTML
  Parameters: {"sort"=>"title"}
  [1m[36mMovie Load (0.1ms)[0m  [1mSELECT "movies".* FROM "movies" [0m
  [1m[35mMovie Load (0.4ms)[0m  SELECT "movies".* FROM "movies" ORDER BY title
Rendered movies/index.html.haml within layouts/application (31.4ms)
Completed 200 OK in 38ms (Views: 35.8ms | ActiveRecord: 0.8ms)


Started GET "/assets/application.css?body=1" for 127.0.0.1 at 2013-10-05 20:58:17 -0700
Served asset /application.css - 304 Not Modified (0ms)


Started GET "/assets/jquery.js?body=1" for 127.0.0.1 at 2013-10-05 20:58:17 -0700
Served asset /jquery.js - 304 Not Modified (0ms)


Started GET "/assets/jquery_ujs.js?body=1" for 127.0.0.1 at 2013-10-05 20:58:17 -0700
Served asset /jquery_ujs.js - 304 Not Modified (0ms)


Started GET "/assets/application.js?body=1" for 127.0.0.1 at 2013-10-05 20:58:17 -0700
Served asset /application.js - 304 Not Modified (0ms)


Started GET "/movies/new" for 127.0.0.1 at 2013-10-05 20:58:19 -0700
  Processing by MoviesController#new as HTML
Rendered movies/new.html.haml within layouts/application (3.2ms)
Completed 200 OK in 13ms (Views: 12.5ms | ActiveRecord: 0.0ms)


Started GET "/assets/application.css?body=1" for 127.0.0.1 at 2013-10-05 20:58:19 -0700
Served asset /application.css - 304 Not Modified (0ms)


Started GET "/assets/jquery_ujs.js?body=1" for 127.0.0.1 at 2013-10-05 20:58:19 -0700
Served asset /jquery_ujs.js - 304 Not Modified (0ms)


Started GET "/assets/jquery.js?body=1" for 127.0.0.1 at 2013-10-05 20:58:19 -0700
Served asset /jquery.js - 304 Not Modified (0ms)


Started GET "/assets/application.js?body=1" for 127.0.0.1 at 2013-10-05 20:58:19 -0700
Served asset /application.js - 304 Not Modified (0ms)


Started POST "/movies" for 127.0.0.1 at 2013-10-05 20:58:22 -0700
  Processing by MoviesController#create as HTML
  Parameters: {"utf8"=>"✓", "authenticity_token"=>"Alk/AmVmI8d0QnU0D/01bPvfHcHFpIMr4QeIDyT8YpE=", "movie"=>{"title"=>"A", "rating"=>"G", "release_date(1i)"=>"2013", "release_date(2i)"=>"10", "release_date(3i)"=>"6"}, "commit"=>"Save Changes"}
  [1m[36mSQL (54.2ms)[0m  [1mINSERT INTO "movies" ("created_at", "description", "rating", "release_date", "title", "updated_at") VALUES (?, ?, ?, ?, ?, ?)[0m  [["created_at", Sun, 06 Oct 2013 03:58:22 UTC +00:00], ["description", nil], ["rating", "G"], ["release_date", Sun, 06 Oct 2013 00:00:00 UTC +00:00], ["title", "A"], ["updated_at", Sun, 06 Oct 2013 03:58:22 UTC +00:00]]
Redirected to http://localhost:3000/movies
Completed 302 Found in 95ms


Started GET "/movies" for 127.0.0.1 at 2013-10-05 20:58:22 -0700
  Processing by MoviesController#index as HTML
  [1m[35mMovie Load (2.8ms)[0m  SELECT "movies".* FROM "movies" 
Rendered movies/index.html.haml within layouts/application (5.6ms)
Completed 200 OK in 15ms (Views: 10.4ms | ActiveRecord: 3.1ms)


Started GET "/assets/application.css?body=1" for 127.0.0.1 at 2013-10-05 20:58:22 -0700
Served asset /application.css - 304 Not Modified (0ms)


Started GET "/assets/application.js?body=1" for 127.0.0.1 at 2013-10-05 20:58:22 -0700
Served asset /application.js - 304 Not Modified (0ms)


Started GET "/assets/jquery_ujs.js?body=1" for 127.0.0.1 at 2013-10-05 20:58:22 -0700
Served asset /jquery_ujs.js - 304 Not Modified (0ms)


Started GET "/assets/jquery.js?body=1" for 127.0.0.1 at 2013-10-05 20:58:22 -0700
Served asset /jquery.js - 304 Not Modified (0ms)


Started GET "/movies?sort=title" for 127.0.0.1 at 2013-10-05 20:58:24 -0700
  Processing by MoviesController#index as HTML
  Parameters: {"sort"=>"title"}
  [1m[36mMovie Load (0.1ms)[0m  [1mSELECT "movies".* FROM "movies" [0m
  [1m[35mMovie Load (0.1ms)[0m  SELECT "movies".* FROM "movies" ORDER BY title
Rendered movies/index.html.haml within layouts/application (9.8ms)
Completed 200 OK in 16ms (Views: 13.8ms | ActiveRecord: 0.7ms)


Started GET "/assets/application.css?body=1" for 127.0.0.1 at 2013-10-05 20:58:24 -0700
Served asset /application.css - 304 Not Modified (0ms)


Started GET "/assets/jquery.js?body=1" for 127.0.0.1 at 2013-10-05 20:58:24 -0700
Served asset /jquery.js - 304 Not Modified (0ms)


Started GET "/assets/application.js?body=1" for 127.0.0.1 at 2013-10-05 20:58:24 -0700
Served asset /application.js - 304 Not Modified (0ms)


Started GET "/assets/jquery_ujs.js?body=1" for 127.0.0.1 at 2013-10-05 20:58:24 -0700
Served asset /jquery_ujs.js - 304 Not Modified (0ms)


Started GET "/movies?sort=title" for 127.0.0.1 at 2013-10-05 20:58:54 -0700
  Processing by MoviesController#index as HTML
  Parameters: {"sort"=>"title"}
  [1m[36mMovie Load (0.1ms)[0m  [1mSELECT "movies".* FROM "movies" [0m
  [1m[35mMovie Load (0.2ms)[0m  SELECT "movies".* FROM "movies" ORDER BY title
Rendered movies/index.html.haml within layouts/application (9.5ms)
Completed 200 OK in 48ms (Views: 45.2ms | ActiveRecord: 0.6ms)


Started GET "/assets/application.css?body=1" for 127.0.0.1 at 2013-10-05 20:58:54 -0700
Served asset /application.css - 304 Not Modified (0ms)


Started GET "/assets/jquery.js?body=1" for 127.0.0.1 at 2013-10-05 20:58:54 -0700
Served asset /jquery.js - 304 Not Modified (0ms)


Started GET "/assets/jquery_ujs.js?body=1" for 127.0.0.1 at 2013-10-05 20:58:54 -0700
Served asset /jquery_ujs.js - 304 Not Modified (0ms)


Started GET "/assets/application.js?body=1" for 127.0.0.1 at 2013-10-05 20:58:54 -0700
Served asset /application.js - 304 Not Modified (0ms)


Started GET "/movies?sort=release_date" for 127.0.0.1 at 2013-10-05 20:58:56 -0700
  Processing by MoviesController#index as HTML
  Parameters: {"sort"=>"release_date"}
  [1m[36mMovie Load (0.4ms)[0m  [1mSELECT "movies".* FROM "movies" [0m
  [1m[35mMovie Load (0.3ms)[0m  SELECT "movies".* FROM "movies" ORDER BY release_date
Rendered movies/index.html.haml within layouts/application (7.9ms)
Completed 200 OK in 18ms (Views: 15.5ms | ActiveRecord: 0.9ms)


Started GET "/assets/application.css?body=1" for 127.0.0.1 at 2013-10-05 20:58:56 -0700
Served asset /application.css - 304 Not Modified (0ms)


Started GET "/assets/jquery.js?body=1" for 127.0.0.1 at 2013-10-05 20:58:56 -0700
Served asset /jquery.js - 304 Not Modified (0ms)


Started GET "/assets/jquery_ujs.js?body=1" for 127.0.0.1 at 2013-10-05 20:58:56 -0700
Served asset /jquery_ujs.js - 304 Not Modified (0ms)


Started GET "/assets/application.js?body=1" for 127.0.0.1 at 2013-10-05 20:58:56 -0700
Served asset /application.js - 304 Not Modified (0ms)


Started GET "/movies?sort=title" for 127.0.0.1 at 2013-10-05 20:58:58 -0700
  Processing by MoviesController#index as HTML
  Parameters: {"sort"=>"title"}
  [1m[36mMovie Load (0.1ms)[0m  [1mSELECT "movies".* FROM "movies" [0m
  [1m[35mMovie Load (0.2ms)[0m  SELECT "movies".* FROM "movies" ORDER BY title
Rendered movies/index.html.haml within layouts/application (11.4ms)
Completed 200 OK in 16ms (Views: 14.9ms | ActiveRecord: 0.6ms)


Started GET "/assets/application.css?body=1" for 127.0.0.1 at 2013-10-05 20:58:58 -0700
Served asset /application.css - 304 Not Modified (0ms)


Started GET "/assets/jquery.js?body=1" for 127.0.0.1 at 2013-10-05 20:58:58 -0700
Served asset /jquery.js - 304 Not Modified (0ms)


Started GET "/assets/jquery_ujs.js?body=1" for 127.0.0.1 at 2013-10-05 20:58:58 -0700
Served asset /jquery_ujs.js - 304 Not Modified (0ms)


Started GET "/assets/application.js?body=1" for 127.0.0.1 at 2013-10-05 20:58:58 -0700
Served asset /application.js - 304 Not Modified (0ms)


Started GET "/movies/new" for 127.0.0.1 at 2013-10-05 20:59:01 -0700
  Processing by MoviesController#new as HTML
Rendered movies/new.html.haml within layouts/application (3.2ms)
Completed 200 OK in 8ms (Views: 7.8ms | ActiveRecord: 0.0ms)


Started GET "/assets/application.css?body=1" for 127.0.0.1 at 2013-10-05 20:59:01 -0700
Served asset /application.css - 304 Not Modified (0ms)


Started GET "/assets/jquery_ujs.js?body=1" for 127.0.0.1 at 2013-10-05 20:59:01 -0700
Served asset /jquery_ujs.js - 304 Not Modified (0ms)


Started GET "/assets/application.js?body=1" for 127.0.0.1 at 2013-10-05 20:59:01 -0700
Served asset /application.js - 304 Not Modified (0ms)


Started GET "/assets/jquery.js?body=1" for 127.0.0.1 at 2013-10-05 20:59:01 -0700
Served asset /jquery.js - 304 Not Modified (0ms)


Started POST "/movies" for 127.0.0.1 at 2013-10-05 20:59:04 -0700
  Processing by MoviesController#create as HTML
  Parameters: {"utf8"=>"✓", "authenticity_token"=>"Alk/AmVmI8d0QnU0D/01bPvfHcHFpIMr4QeIDyT8YpE=", "movie"=>{"title"=>"Devil Wears Prada", "rating"=>"G", "release_date(1i)"=>"2013", "release_date(2i)"=>"10", "release_date(3i)"=>"6"}, "commit"=>"Save Changes"}
  [1m[36mSQL (1.5ms)[0m  [1mINSERT INTO "movies" ("created_at", "description", "rating", "release_date", "title", "updated_at") VALUES (?, ?, ?, ?, ?, ?)[0m  [["created_at", Sun, 06 Oct 2013 03:59:04 UTC +00:00], ["description", nil], ["rating", "G"], ["release_date", Sun, 06 Oct 2013 00:00:00 UTC +00:00], ["title", "Devil Wears Prada"], ["updated_at", Sun, 06 Oct 2013 03:59:04 UTC +00:00]]
Redirected to http://localhost:3000/movies
Completed 302 Found in 43ms


Started GET "/movies" for 127.0.0.1 at 2013-10-05 20:59:04 -0700
  Processing by MoviesController#index as HTML
  [1m[35mMovie Load (0.1ms)[0m  SELECT "movies".* FROM "movies" 
Rendered movies/index.html.haml within layouts/application (10.6ms)
Completed 200 OK in 17ms (Views: 15.3ms | ActiveRecord: 0.4ms)


Started GET "/assets/application.css?body=1" for 127.0.0.1 at 2013-10-05 20:59:05 -0700
Served asset /application.css - 304 Not Modified (0ms)


Started GET "/assets/jquery_ujs.js?body=1" for 127.0.0.1 at 2013-10-05 20:59:05 -0700
Served asset /jquery_ujs.js - 304 Not Modified (0ms)


Started GET "/assets/application.js?body=1" for 127.0.0.1 at 2013-10-05 20:59:05 -0700
Served asset /application.js - 304 Not Modified (0ms)


Started GET "/assets/jquery.js?body=1" for 127.0.0.1 at 2013-10-05 20:59:05 -0700
Served asset /jquery.js - 304 Not Modified (0ms)


Started GET "/movies?sort=title" for 127.0.0.1 at 2013-10-05 20:59:07 -0700
  Processing by MoviesController#index as HTML
  Parameters: {"sort"=>"title"}
  [1m[36mMovie Load (0.1ms)[0m  [1mSELECT "movies".* FROM "movies" [0m
  [1m[35mMovie Load (0.2ms)[0m  SELECT "movies".* FROM "movies" ORDER BY title
Rendered movies/index.html.haml within layouts/application (37.6ms)
Completed 200 OK in 53ms (Views: 43.2ms | ActiveRecord: 8.5ms)


Started GET "/assets/application.css?body=1" for 127.0.0.1 at 2013-10-05 20:59:07 -0700
Served asset /application.css - 304 Not Modified (0ms)


Started GET "/assets/jquery.js?body=1" for 127.0.0.1 at 2013-10-05 20:59:07 -0700
Served asset /jquery.js - 304 Not Modified (0ms)


Started GET "/assets/jquery_ujs.js?body=1" for 127.0.0.1 at 2013-10-05 20:59:07 -0700
Served asset /jquery_ujs.js - 304 Not Modified (0ms)


Started GET "/assets/application.js?body=1" for 127.0.0.1 at 2013-10-05 20:59:07 -0700
Served asset /application.js - 304 Not Modified (0ms)
